TrimmomaticPE: Started with arguments:
 -phred64 downstream_17.5km_2011_1.fastq.gz downstream_17.5km_2011_2.fastq.gz downstream_17.5km_2011_1.trimmed.fastq.gz downstream_17.5km_2011_1.un.trimmed.fastq.gz downstream_17.5km_2011_2.trimmed.fastq.gz downstream_17.5km_2011_2.un.trimmed.fastq.gz TOPHRED33 LEADING:30 TRAILING:30 MINLEN:60
Multiple cores found: Using 4 threads
Input Read Pairs: 18584046 Both Surviving: 17022127 (91.60%) Forward Only Surviving: 1043846 (5.62%) Reverse Only Surviving: 344886 (1.86%) Dropped: 173187 (0.93%)
TrimmomaticPE: Completed successfully
TrimmomaticPE: Started with arguments:
 -phred64 downstream_2.3km_2011_1.fastq.gz downstream_2.3km_2011_2.fastq.gz downstream_2.3km_2011_1.trimmed.fastq.gz downstream_2.3km_2011_1.un.trimmed.fastq.gz downstream_2.3km_2011_2.trimmed.fastq.gz downstream_2.3km_2011_2.un.trimmed.fastq.gz TOPHRED33 LEADING:30 TRAILING:30 MINLEN:60
Multiple cores found: Using 4 threads
Input Read Pairs: 14540173 Both Surviving: 13038322 (89.67%) Forward Only Surviving: 1054901 (7.26%) Reverse Only Surviving: 265698 (1.83%) Dropped: 181252 (1.25%)
TrimmomaticPE: Completed successfully
TrimmomaticPE: Started with arguments:
 -phred64 downstream_2.7km_2011_1.fastq.gz downstream_2.7km_2011_2.fastq.gz downstream_2.7km_2011_1.trimmed.fastq.gz downstream_2.7km_2011_1.un.trimmed.fastq.gz downstream_2.7km_2011_2.trimmed.fastq.gz downstream_2.7km_2011_2.un.trimmed.fastq.gz TOPHRED33 LEADING:30 TRAILING:30 MINLEN:60
Multiple cores found: Using 4 threads
Input Read Pairs: 37318454 Both Surviving: 33791345 (90.55%) Forward Only Surviving: 2298474 (6.16%) Reverse Only Surviving: 782945 (2.10%) Dropped: 445690 (1.19%)
TrimmomaticPE: Completed successfully
TrimmomaticPE: Started with arguments:
 -phred64 effluent_point_2011_1.fastq.gz effluent_point_2011_2.fastq.gz effluent_point_2011_1.trimmed.fastq.gz effluent_point_2011_1.un.trimmed.fastq.gz effluent_point_2011_2.trimmed.fastq.gz effluent_point_2011_2.un.trimmed.fastq.gz TOPHRED33 LEADING:30 TRAILING:30 MINLEN:60
Multiple cores found: Using 4 threads
Input Read Pairs: 16812586 Both Surviving: 12999195 (77.32%) Forward Only Surviving: 2237783 (13.31%) Reverse Only Surviving: 631721 (3.76%) Dropped: 943887 (5.61%)
TrimmomaticPE: Completed successfully
TrimmomaticPE: Started with arguments:
 -phred64 upstream_1.9km_2011_1.fastq.gz upstream_1.9km_2011_2.fastq.gz upstream_1.9km_2011_1.trimmed.fastq.gz upstream_1.9km_2011_1.un.trimmed.fastq.gz upstream_1.9km_2011_2.trimmed.fastq.gz upstream_1.9km_2011_2.un.trimmed.fastq.gz TOPHRED33 LEADING:30 TRAILING:30 MINLEN:60
Multiple cores found: Using 4 threads
Input Read Pairs: 30336618 Both Surviving: 26924017 (88.75%) Forward Only Surviving: 2193382 (7.23%) Reverse Only Surviving: 773275 (2.55%) Dropped: 445944 (1.47%)
TrimmomaticPE: Completed successfully
TrimmomaticPE: Started with arguments:
 -phred64 upstream_2.2km_2011_1.fastq.gz upstream_2.2km_2011_2.fastq.gz upstream_2.2km_2011_1.trimmed.fastq.gz upstream_2.2km_2011_1.un.trimmed.fastq.gz upstream_2.2km_2011_2.trimmed.fastq.gz upstream_2.2km_2011_2.un.trimmed.fastq.gz TOPHRED33 LEADING:30 TRAILING:30 MINLEN:60
Multiple cores found: Using 4 threads
Input Read Pairs: 24145382 Both Surviving: 21735168 (90.02%) Forward Only Surviving: 1612658 (6.68%) Reverse Only Surviving: 486390 (2.01%) Dropped: 311166 (1.29%)
TrimmomaticPE: Completed successfully
